{"level":50,"time":1776667562169,"pid":25110,"hostname":"Infizent-Technologies","err":{"type":"Error","message":"listen EADDRINUSE: address already in use :::3000","stack":"Error: listen EADDRINUSE: address already in use :::3000\n    at Server.setupListenHandle [as _listen2] (node:net:1940:16)\n    at listenInCluster (node:net:1997:1{"level":30,"time":1776667586632,"pid":23711,"hostname":"Infizent-Technologies","req":{"id":2,"method":"GET","url":"/api/bom"},"res":{"statusCode":200},"responseTime":18,"msg":"request completed"}
{"level":30,"time":1776667633817,"pid":23711,"hostname":"Infizent-Technologies","req":{"id":3,"method":"GET","url":"/"},"res":{"statusCode":304},"responseTime":1,"msg":"request completed"}
{"level":30,"time":1776667634357,"pid":23711,"hostname":"Infizent-Technologies","req":{"id":4,"method":"GET","url":"/favicon.ico"},"res":{"statusCode":204},"responseTime":0,"msg":"request completed"}
{"level":30,"time":1776667884515,"pid":23711,"hostname":"Infizent-Technologies","req":{"id":5,"method":"GET","url":"/api/bom"},"res":{"statusCode":200},"responseTime":10,"msg":"request completed"}
{"level":30,"time":1776667890116,"pid":23711,"hostname":"Infizent-Technologies","req":{"id":6,"method":"GET","url":"/api/bom"},"res":{"statusCode":200},"responseTime":2,"msg":"request completed"}
{"level":30,"time":1776668045848,"pid":23711,"hostname":"Infizent-Technologies","req":{"id":7,"method":"GET","url":"/api/bom"},"res":{"statusCode":200},"responseTime":42,"msg":"request completed"}
{"level":30,"time":1776668219206,"pid":23711,"hostname":"Infizent-Technologies","req":{"id":8,"method":"GET","url":"/"},"res":{"statusCode":304},"responseTime":2,"msg":"request completed"}
{"level":30,"time":1776668219772,"pid":23711,"hostname":"Infizent-Technologies","req":{"id":9,"method":"GET","url":"/favicon.ico"},"res":{"statusCode":204},"responseTime":3,"msg":"request completed"}
{"level":30,"time":1776668278777,"pid":23711,"hostname":"Infizent-Technologies","req":{"id":10,"method":"GET","url":"/api/bom"},"res":{"statusCode":200},"responseTime":18,"msg":"request completed"}
{"level":30,"time":1776668307591,"pid":23711,"hostname":"Infizent-Technologies","req":{"id":11,"method":"GET","url":"/api/sessions"},"res":{"statusCode":200},"responseTime":22,"msg":"request completed"}
{"level":30,"time":1776668308596,"pid":23711,"hostname":"Infizent-Technologies","req":{"id":12,"method":"GET","url":"/api/sessions"},"res":{"statusCode":304},"responseTime":24,"msg":"request completed"}
{"level":30,"time":1776668308615,"pid":23711,"hostname":"Infizent-Technologies","req":{"id":13,"method":"GET","url":"/api/bom"},"res":{"statusCode":304},"responseTime":41,"msg":"request completed"}
{"level":30,"time":1776668308616,"pid":23711,"hostname":"Infizent-Technologies","req":{"id":15,"method":"GET","url":"/api/trash/stats"},"res":{"statusCode":304},"responseTime":36,"msg":"request completed"}
{"level":30,"time":1776668308626,"pid":23711,"hostname":"Infizent-Technologies","req":{"id":14,"method":"GET","url":"/api/analytics/overview"},"res":{"statusCode":304},"responseTime":51,"msg":"request completed"}
{"level":30,"time":1776668315925,"pid":23711,"hostname":"Infizent-Technologies","req":{"id":16,"method":"GET","url":"/api/sessions"},"res":{"statusCode":304},"responseTime":5,"msg":"request completed"}
{"level":30,"time":1776668315937,"pid":23711,"hostname":"Infizent-Technologies","req":{"id":17,"method":"GET","url":"/api/bom"},"res":{"statusCode":304},"responseTime":11,"msg":"request completed"}
{"level":30,"time":1776668315941,"pid":23711,"hostname":"Infizent-Technologies","req":{"id":18,"method":"GET","url":"/api/analytics/overview"},"res":{"statusCode":304},"responseTime":15,"msg":"request completed"}
{"level":30,"time":1776668315943,"pid":23711,"hostname":"Infizent-Technologies","req":{"id":19,"method":"GET","url":"/api/trash/stats"},"res":{"statusCode":304},"responseTime":12,"msg":"request completed"}
{"level":30,"time":1776668320965,"pid":23711,"hostname":"Infizent-Technologies","req":{"id":20,"method":"GET","url":"/api/trash/stats"},"res":{"statusCode":304},"responseTime":2,"msg":"request completed"}
{"level":30,"time":1776668325972,"pid":23711,"hostname":"Infizent-Technologies","req":{"id":21,"method":"GET","url":"/api/trash/stats"},"res":{"statusCode":304},"responseTime":2,"msg":"request completed"}
{"level":30,"time":1776668330980,"pid":23711,"hostname":"Infizent-Technologies","req":{"id":22,"method":"GET","url":"/api/trash/stats"},"res":{"statusCode":304},"responseTime":2,"msg":"request completed"}
{"level":30,"time":1776668335988,"pid":23711,"hostname":"Infizent-Technologies","req":{"id":23,"method":"GET","url":"/api/trash/stats"},"res":{"statusCode":304},"responseTime":2,"msg":"request completed"}
{"level":30,"time":1776668340996,"pid":23711,"hostname":"Infizent-Technologies","req":{"id":24,"method":"GET","url":"/api/trash/stats"},"res":{"statusCode":304},"responseTime":2,"msg":"request completed"}
{"level":30,"time":1776668346004,"pid":23711,"hostname":"Infizent-Technologies","req":{"id":25,"method":"GET","url":"/api/trash/stats"},"res":{"statusCode":304},"responseTime":2,"msg":"request completed"}
{"level":30,"time":1776668351011,"pid":23711,"hostname":"Infizent-Technologies","req":{"id":26,"method":"GET","url":"/api/trash/stats"},"res":{"statusCode":304},"responseTime":2,"msg":"request completed"}
{"level":30,"time":1776668386795,"pid":23711,"hostname":"Infizent-Technologies","req":{"id":27,"method":"GET","url":"/api/sessions"},"res":{"statusCode":200},"responseTime":16,"msg":"request completed"}
{"level":30,"time":1776668386796,"pid":23711,"hostname":"Infizent-Technologies","req":{"id":29,"method":"GET","url":"/api/analytics/overview"},"res":{"statusCode":200},"responseTime":13,"msg":"request completed"}
{"level":30,"time":1776668386798,"pid":23711,"hostname":"Infizent-Technologies","req":{"id":28,"method":"GET","url":"/api/bom"},"res":{"statusCode":200},"responseTime":16,"msg":"request completed"}
{"level":30,"time":1776668386799,"pid":23711,"hostname":"Infizent-Technologies","req":{"id":30,"method":"GET","url":"/api/trash/stats"},"res":{"statusCode":200},"responseTime":16,"msg":"request completed"}
{"level":30,"time":1776668390494,"pid":23711,"hostname":"Infizent-Technologies","req":{"id":31,"method":"GET","url":"/api/bom"},"res":{"statusCode":304},"responseTime":2,"msg":"request completed"}
{"level":30,"time":1776668391703,"pid":23711,"hostname":"Infizent-Technologies","req":{"id":32,"method":"GET","url":"/api/bom"},"res":{"statusCode":304},"responseTime":8,"msg":"request completed"}
{"level":30,"time":1776668391711,"pid":23711,"hostname":"Infizent-Technologies","req":{"id":33,"method":"GET","url":"/api/analytics/overview"},"res":{"statusCode":304},"responseTime":11,"msg":"request completed"}
{"level":30,"time":1776668391713,"pid":23711,"hostname":"Infizent-Technologies","req":{"id":34,"method":"GET","url":"/api/sessions"},"res":{"statusCode":304},"responseTime":6,"msg":"request completed"}
{"level":30,"time":1776668391715,"pid":23711,"hostname":"Infizent-Technologies","req":{"id":35,"method":"GET","url":"/api/trash/stats"},"res":{"statusCode":304},"responseTime":5,"msg":"request completed"}
{"level":30,"time":1776668396741,"pid":23711,"hostname":"Infizent-Technologies","req":{"id":36,"method":"GET","url":"/api/trash/stats"},"res":{"statusCode":304},"responseTime":4,"msg":"request completed"}
{"level":30,"time":1776668399984,"pid":23711,"hostname":"Infizent-Technologies","req":{"id":37,"method":"GET","url":"/api/bom"},"res":{"statusCode":304},"responseTime":4,"msg":"request completed"}
{"level":30,"time":1776668404512,"pid":23711,"hostname":"Infizent-Technologies","req":{"id":38,"method":"GET","url":"/api/bom"},"res":{"statusCode":304},"responseTime":2,"msg":"request completed"}
{"level":30,"time":1776668422780,"pid":23711,"hostname":"Infizent-Technologies","req":{"id":39,"method":"PATCH","url":"/api/bom/11"},"res":{"statusCode":200},"responseTime":22,"msg":"request completed"}
{"level":30,"time":1776668422932,"pid":23711,"hostname":"Infizent-Technologies","req":{"id":40,"method":"GET","url":"/api/bom"},"res":{"statusCode":200},"responseTime":1,"msg":"request completed"}
{"level":30,"time":1776668425227,"pid":23711,"hostname":"Infizent-Technologies","req":{"id":41,"method":"GET","url":"/api/bom/13"},"res":{"statusCode":200},"responseTime":10,"msg":"request completed"}
{"level":30,"time":1776668429578,"pid":23711,"hostname":"Infizent-Technologies","req":{"id":42,"method":"DELETE","url":"/api/bom/13"},"res":{"statusCode":200},"responseTime":4,"msg":"request completed"}
{"level":30,"time":1776668439078,"pid":23711,"hostname":"Infizent-Technologies","req":{"id":43,"method":"GET","url":"/api/bom"},"res":{"statusCode":200},"responseTime":10,"msg":"request completed"}
{"level":30,"time":1776668443489,"pid":23711,"hostname":"Infizent-Technologies","req":{"id":44,"method":"GET","url":"/api/sessions"},"res":{"statusCode":200},"responseTime":11,"msg":"request completed"}
{"level":30,"time":1776668443496,"pid":23711,"hostname":"Infizent-Technologies","req":{"id":46,"method":"GET","url":"/api/dashboard/verification"},"res":{"statusCode":200},"responseTime":7,"msg":"request completed"}
{"level":30,"time":1776668443502,"pid":23711,"hostname":"Infizent-Technologies","req":{"id":48,"method":"GET","url":"/api/dashboard/operator"},"res":{"statusCode":200},"responseTime":6,"msg":"request completed"}
{"level":30,"time":1776668443509,"pid":23711,"hostname":"Infizent-Technologies","req":{"id":45,"method":"GET","url":"/api/dashboard/kpi"},"res":{"statusCode":200},"responseTime":30,"msg":"request completed"}
{"level":30,"time":1776668443511,"pid":23711,"hostname":"Infizent-Technologies","req":{"id":47,"method":"GET","url":"/api/dashboard/alarms"},"res":{"statusCode":200},"responseTime":20,"msg":"request completed"}
{"level":30,"time":1776668443513,"pid":23711,"hostname":"Infizent-Technologies","req":{"id":49,"method":"GET","url":"/api/dashboard/time-analysis"},"res":{"statusCode":200},"responseTime":15,"msg":"request completed"}
{"level":30,"time":1776668443665,"pid":23711,"hostname":"Infizent-Technologies","req":{"id":50,"method":"GET","url":"/api/dashboard/feeder-analysis"},"res":{"statusCode":200},"responseTime":15,"msg":"request completed"}
{"level":30,"time":1776668443676,"pid":23711,"hostname":"Infizent-Technologies","req":{"id":51,"method":"GET","url":"/api/dashboard/component-analysis"},"res":{"statusCode":200},"responseTime":10,"msg":"request completed"}
{"level":30,"time":1776668443678,"pid":23711,"hostname":"Infizent-Technologies","req":{"id":52,"method":"GET","url":"/api/dashboard/efficiency"},"res":{"statusCode":200},"responseTime":8,"msg":"request completed"}
{"level":30,"time":1776668444631,"pid":23711,"hostname":"Infizent-Technologies","req":{"id":53,"method":"GET","url":"/api/analytics/overview"},"res":{"statusCode":304},"responseTime":11,"msg":"request completed"}
{"level":30,"time":1776668444633,"pid":23711,"hostname":"Infizent-Technologies","req":{"id":54,"method":"GET","url":"/api/analytics/pareto"},"res":{"statusCode":200},"responseTime":5,"msg":"request completed"}
{"level":30,"time":1776668444648,"pid":23711,"hostname":"Infizent-Technologies","req":{"id":55,"method":"GET","url":"/api/analytics/trends"},"res":{"statusCode":200},"responseTime":17,"msg":"request completed"}
{"level":30,"time":1776668450154,"pid":23711,"hostname":"Infizent-Technologies","req":{"id":56,"method":"GET","url":"/api/sessions"},"res":{"statusCode":304},"responseTime":3,"msg":"request completed"}
{"level":30,"time":1776668450156,"pid":23711,"hostname":"Infizent-Technologies","req":{"id":57,"method":"GET","url":"/api/dashboard/kpi"},"res":{"statusCode":304},"responseTime":3,"msg":"request completed"}
{"level":30,"time":1776668450158,"pid":23711,"hostname":"Infizent-Technologies","req":{"id":58,"method":"GET","url":"/api/dashboard/alarms"},"res":{"statusCode":304},"responseTime":2,"msg":"request completed"}
{"level":30,"time":1776668450160,"pid":23711,"hostname":"Infizent-Technologies","req":{"id":59,"method":"GET","url":"/api/dashboard/operator"},"res":{"statusCode":304},"responseTime":3,"msg":"request completed"}
{"level":30,"time":1776668450163,"pid":23711,"hostname":"Infizent-Technologies","req":{"id":60,"method":"GET","url":"/api/dashboard/feeder-analysis"},"res":{"statusCode":304},"responseTime":4,"msg":"request completed"}
{"level":30,"time":1776668450163,"pid":23711,"hostname":"Infizent-Technologies","req":{"id":61,"method":"GET","url":"/api/dashboard/verification"},"res":{"statusCode":304},"responseTime":2,"msg":"request completed"}
{"level":30,"time":1776668450331,"pid":23711,"hostname":"Infizent-Technologies","req":{"id":62,"method":"GET","url":"/api/dashboard/time-analysis"},"res":{"statusCode":304},"responseTime":11,"msg":"request completed"}
{"level":30,"time":1776668450332,"pid":23711,"hostname":"Infizent-Technologies","req":{"id":63,"method":"GET","url":"/api/dashboard/component-analysis"},"res":{"statusCode":304},"responseTime":4,"msg":"request completed"}
{"level":30,"time":1776668450335,"pid":23711,"hostname":"Infizent-Technologies","req":{"id":64,"method":"GET","url":"/api/dashboard/efficiency"},"res":{"statusCode":304},"responseTime":6,"msg":"request completed"}
{"level":30,"time":1776668467734,"pid":23711,"hostname":"Infizent-Technologies","req":{"id":65,"method":"GET","url":"/api/sessions"},"res":{"statusCode":304},"responseTime":18,"msg":"request completed"}
{"level":30,"time":1776668471342,"pid":23711,"hostname":"Infizent-Technologies","req":{"id":66,"method":"GET","url":"/api/sessions/71"},"res":{"statusCode":200},"responseTime":7,"msg":"request completed"}
{"level":30,"time":1776668471346,"pid":23711,"hostname":"Infizent-Technologies","req":{"id":67,"method":"GET","url":"/api/sessions/71/splices"},"res":{"statusCode":200},"responseTime":8,"msg":"request completed"}
{"level":30,"time":1776668471529,"pid":23711,"hostname":"Infizent-Technologies","req":{"id":68,"method":"GET","url":"/api/bom/1"},"res":{"statusCode":200},"responseTime":10,"msg":"request completed"}
{"level":30,"time":1776668492349,"pid":23711,"hostname":"Infizent-Technologies","req":{"id":69,"method":"POST","url":"/api/sessions/71/scans"},"res":{"statusCode":200},"responseTime":26,"msg":"request completed"}
{"level":30,"time":1776668492498,"pid":23711,"hostname":"Infizent-Technologies","req":{"id":70,"method":"GET","url":"/api/sessions/71"},"res":{"statusCode":200},"responseTime":2,"msg":"request completed"}
{"level":30,"time":1776668502647,"pid":23711,"hostname":"Infizent-Technologies","req":{"id":71,"method":"PATCH","url":"/api/sessions/71"},"res":{"statusCode":200},"responseTime":13,"msg":"request completed"}
{"level":30,"time":1776668502891,"pid":23711,"hostname":"Infizent-Technologies","req":{"id":72,"method":"GET","url":"/api/sessions/71"},"res":{"statusCode":200},"responseTime":4,"msg":"request completed"}
{"level":30,"time":1776668502956,"pid":23711,"hostname":"Infizent-Technologies","req":{"id":73,"method":"GET","url":"/api/sessions/71/report"},"res":{"statusCode":200},"responseTime":24,"msg":"request completed"}
{"level":30,"time":1776668502961,"pid":23711,"hostname":"Infizent-Technologies","req":{"id":74,"method":"GET","url":"/api/sessions/71/splices"},"res":{"statusCode":304},"responseTime":25,"msg":"request completed"}
{"level":30,"time":1776668504599,"pid":23711,"hostname":"Infizent-Technologies","req":{"id":75,"method":"GET","url":"/api/sessions"},"res":{"statusCode":200},"responseTime":2,"msg":"request completed"}
{"level":30,"time":1776668508936,"pid":23711,"hostname":"Infizent-Technologies","req":{"id":77,"method":"GET","url":"/api/trash/stats"},"res":{"statusCode":200},"responseTime":3,"msg":"request completed"}
{"level":30,"time":1776668508937,"pid":23711,"hostname":"Infizent-Technologies","req":{"id":76,"method":"GET","url":"/api/trash/items"},"res":{"statusCode":200},"responseTime":7,"msg":"request completed"}
{"level":30,"time":1776668768722,"pid":23711,"hostname":"Infizent-Technologies","req":{"id":78,"method":"GET","url":"/api/sessions"},"res":{"statusCode":304},"responseTime":7,"msg":"request completed"}
{"level":30,"time":1776669223421,"pid":23711,"hostname":"Infizent-Technologies","req":{"id":79,"method":"GET","url":"/api/timestamp"},"res":{"statusCode":404},"responseTime":1,"msg":"request completed"}
{"level":30,"time":1776669276822,"pid":23711,"hostname":"Infizent-Technologies","req":{"id":80,"method":"GET","url":"/api/timestamp"},"res":{"statusCode":404},"responseTime":2,"msg":"request completed"}
