[2026-04-25 18:42:36] [INFO] ==========================================
[2026-04-25 18:42:36] [INFO] Starting System
[2026-04-25 18:42:36] [INFO] ==========================================
[2026-04-25 18:42:36] [INFO] Setting up required directories...
[2026-04-25 18:42:36] [SUCCESS] Directories ready
[2026-04-25 18:42:36] [INFO] Checking prerequisites...
[2026-04-25 18:42:36] [INFO] ✓ Node.js found: v22.22.2
[2026-04-25 18:42:36] [INFO] ✓ Package manager found
[2026-04-25 18:42:36] [INFO] ✓ PostgreSQL client found
[2026-04-25 18:42:36] [INFO] Acquiring system lock...
[2026-04-25 18:42:36] [INFO] Checking for stale locks...
[2026-04-25 18:42:36] [SUCCESS] No stale locks found
[2026-04-25 18:42:36] [SUCCESS] System lock acquired
[2026-04-25 18:42:36] [INFO] Stopping API server...
[2026-04-25 18:42:36] [SUCCESS] Server stopped
[2026-04-25 18:42:38] [INFO] Waiting for port 3000 to become free (timeout: 30s)...
[2026-04-25 18:42:39] [SUCCESS] Port 3000 is now free
[2026-04-25 18:42:39] [INFO] Waiting for port 5173 to become free (timeout: 30s)...
[2026-04-25 18:42:39] [SUCCESS] Port 5173 is now free
[2026-04-25 18:42:39] [INFO] Starting API server...
[2026-04-25 18:42:39] [INFO] Waiting for database to be ready (timeout: 30s)...
[2026-04-25 18:42:39] [INFO] Checking database connection...
[2026-04-25 18:42:39] [SUCCESS] Database connection successful
[2026-04-25 18:42:39] [INFO] Building API server production assets...
[2026-04-25 18:42:39] [ERROR] API build failed
[2026-04-25 18:42:39] [ERROR] Failed to start API server
[2026-04-25 18:42:39] [INFO] Releasing system lock...
[2026-04-25 18:42:39] [SUCCESS] System lock released
[2026-04-25 18:43:50] [INFO] ==========================================
[2026-04-25 18:43:50] [INFO] Starting System
[2026-04-25 18:43:50] [INFO] ==========================================
[2026-04-25 18:43:50] [INFO] Setting up required directories...
[2026-04-25 18:43:50] [SUCCESS] Directories ready
[2026-04-25 18:43:50] [INFO] Checking prerequisites...
[2026-04-25 18:43:50] [INFO] ✓ Node.js found: v22.22.2
[2026-04-25 18:43:50] [INFO] ✓ Package manager found
[2026-04-25 18:43:50] [INFO] ✓ PostgreSQL client found
[2026-04-25 18:43:50] [INFO] Acquiring system lock...
[2026-04-25 18:43:50] [INFO] Checking for stale locks...
[2026-04-25 18:43:50] [SUCCESS] No stale locks found
[2026-04-25 18:43:50] [SUCCESS] System lock acquired
[2026-04-25 18:43:50] [INFO] Stopping API server...
[2026-04-25 18:43:51] [SUCCESS] Server stopped
[2026-04-25 18:43:53] [INFO] Waiting for port 3000 to become free (timeout: 30s)...
[2026-04-25 18:43:53] [SUCCESS] Port 3000 is now free
[2026-04-25 18:43:53] [INFO] Waiting for port 5173 to become free (timeout: 30s)...
[2026-04-25 18:43:53] [SUCCESS] Port 5173 is now free
[2026-04-25 18:43:53] [INFO] Starting API server...
[2026-04-25 18:43:53] [INFO] Waiting for database to be ready (timeout: 30s)...
[2026-04-25 18:43:53] [INFO] Checking database connection...
[2026-04-25 18:43:53] [SUCCESS] Database connection successful
[2026-04-25 18:43:53] [INFO] Building API server production assets...
[2026-04-25 18:43:55] [INFO] Launching API server process...
[2026-04-25 18:43:57] [INFO] API server started with PID 52364
[2026-04-25 18:44:00] [INFO] Checking API health at localhost:3000/api/health...
[2026-04-25 18:44:00] [SUCCESS] API is healthy
[2026-04-25 18:44:00] [SUCCESS] API server is operational
[2026-04-25 18:44:00] [INFO] Starting frontend app...
[2026-04-25 18:44:00] [INFO] Building frontend production assets...
[2026-04-25 18:44:24] [INFO] Launching production frontend server...
[2026-04-25 18:44:26] [INFO] Frontend app started with PID 53456
[2026-04-25 18:44:31] [INFO] Checking app at localhost:5173...
[2026-04-25 18:44:31] [SUCCESS] App is responding
[2026-04-25 18:44:31] [SUCCESS] Frontend app is operational
[2026-04-25 18:44:33] [INFO] ==========================================
[2026-04-25 18:44:33] [INFO] System Status
[2026-04-25 18:44:33] [INFO] ==========================================
[2026-04-25 18:44:33] [SUCCESS] API Server: RUNNING (PID: 52364)
[2026-04-25 18:44:33] [INFO] Checking API health at localhost:3000/api/health...
[2026-04-25 18:44:33] [SUCCESS] API is healthy
[2026-04-25 18:44:33] [SUCCESS] API Health: HEALTHY
[2026-04-25 18:44:33] [INFO] Checking app at localhost:5173...
[2026-04-25 18:44:34] [SUCCESS] App is responding
[2026-04-25 18:44:34] [SUCCESS] Frontend: HEALTHY
[2026-04-25 18:44:34] [INFO] Checking database connection...
[2026-04-25 18:44:34] [SUCCESS] Database connection successful
[2026-04-25 18:44:34] [SUCCESS] Database: CONNECTED
[2026-04-25 18:44:34] [INFO] ==========================================
[2026-04-25 18:44:34] [SUCCESS] ==========================================
[2026-04-25 18:44:34] [SUCCESS] System Start Complete!
[2026-04-25 18:44:34] [SUCCESS] ==========================================
[2026-04-25 18:44:34] [INFO] Releasing system lock...
[2026-04-25 18:44:34] [SUCCESS] System lock released
